0 info it worked if it ends with ok
1 verbose cli [ '/usr/local/Cellar/node/5.10.0/bin/node',
1 verbose cli   '/usr/local/bin/npm',
1 verbose cli   'bugs',
1 verbose cli   'webdesdev' ]
2 info using npm@3.8.3
3 info using node@v5.10.0
4 silly fetchPackageMetaData webdesdev
5 silly fetchNamedPackageData webdesdev
6 silly mapToRegistry name webdesdev
7 silly mapToRegistry using default registry
8 silly mapToRegistry registry https://registry.npmjs.org/
9 silly mapToRegistry data Result {
9 silly mapToRegistry   raw: 'webdesdev',
9 silly mapToRegistry   scope: null,
9 silly mapToRegistry   name: 'webdesdev',
9 silly mapToRegistry   rawSpec: '',
9 silly mapToRegistry   spec: 'latest',
9 silly mapToRegistry   type: 'tag' }
10 silly mapToRegistry uri https://registry.npmjs.org/webdesdev
11 verbose request uri https://registry.npmjs.org/webdesdev
12 verbose request no auth needed
13 info attempt registry request try #1 at 6:11:55 PM
14 verbose request id a0d91498b28354fa
15 http request GET https://registry.npmjs.org/webdesdev
16 http 404 https://registry.npmjs.org/webdesdev
17 verbose headers { 'content-type': 'application/json',
17 verbose headers   'cache-control': 'max-age=0',
17 verbose headers   'content-length': '2',
17 verbose headers   'accept-ranges': 'bytes',
17 verbose headers   date: 'Wed, 07 Sep 2016 00:11:55 GMT',
17 verbose headers   via: '1.1 varnish',
17 verbose headers   age: '0',
17 verbose headers   connection: 'keep-alive',
17 verbose headers   'x-served-by': 'cache-den6020-DEN',
17 verbose headers   'x-cache': 'MISS',
17 verbose headers   'x-cache-hits': '0',
17 verbose headers   'x-timer': 'S1473207115.016161,VS0,VE68',
17 verbose headers   vary: 'Accept-Encoding' }
18 silly get cb [ 404,
18 silly get   { 'content-type': 'application/json',
18 silly get     'cache-control': 'max-age=0',
18 silly get     'content-length': '2',
18 silly get     'accept-ranges': 'bytes',
18 silly get     date: 'Wed, 07 Sep 2016 00:11:55 GMT',
18 silly get     via: '1.1 varnish',
18 silly get     age: '0',
18 silly get     connection: 'keep-alive',
18 silly get     'x-served-by': 'cache-den6020-DEN',
18 silly get     'x-cache': 'MISS',
18 silly get     'x-cache-hits': '0',
18 silly get     'x-timer': 'S1473207115.016161,VS0,VE68',
18 silly get     vary: 'Accept-Encoding' } ]
19 silly fetchPackageMetaData Error: Registry returned 404 for GET on https://registry.npmjs.org/webdesdev
19 silly fetchPackageMetaData     at makeError (/usr/local/lib/node_modules/npm/node_modules/npm-registry-client/lib/request.js:264:12)
19 silly fetchPackageMetaData     at CachingRegistryClient.<anonymous> (/usr/local/lib/node_modules/npm/node_modules/npm-registry-client/lib/request.js:242:14)
19 silly fetchPackageMetaData     at Request._callback (/usr/local/lib/node_modules/npm/node_modules/npm-registry-client/lib/request.js:172:14)
19 silly fetchPackageMetaData     at Request.self.callback (/usr/local/lib/node_modules/npm/node_modules/request/request.js:199:22)
19 silly fetchPackageMetaData     at emitTwo (events.js:100:13)
19 silly fetchPackageMetaData     at Request.emit (events.js:185:7)
19 silly fetchPackageMetaData     at Request.<anonymous> (/usr/local/lib/node_modules/npm/node_modules/request/request.js:1036:10)
19 silly fetchPackageMetaData     at emitOne (events.js:95:20)
19 silly fetchPackageMetaData     at Request.emit (events.js:182:7)
19 silly fetchPackageMetaData     at IncomingMessage.<anonymous> (/usr/local/lib/node_modules/npm/node_modules/request/request.js:963:12)
19 silly fetchPackageMetaData  error for webdesdev { [Error: Registry returned 404 for GET on https://registry.npmjs.org/webdesdev] pkgid: 'webdesdev', statusCode: 404, code: 'E404' }
20 verbose stack Error: Registry returned 404 for GET on https://registry.npmjs.org/webdesdev
20 verbose stack     at makeError (/usr/local/lib/node_modules/npm/node_modules/npm-registry-client/lib/request.js:264:12)
20 verbose stack     at CachingRegistryClient.<anonymous> (/usr/local/lib/node_modules/npm/node_modules/npm-registry-client/lib/request.js:242:14)
20 verbose stack     at Request._callback (/usr/local/lib/node_modules/npm/node_modules/npm-registry-client/lib/request.js:172:14)
20 verbose stack     at Request.self.callback (/usr/local/lib/node_modules/npm/node_modules/request/request.js:199:22)
20 verbose stack     at emitTwo (events.js:100:13)
20 verbose stack     at Request.emit (events.js:185:7)
20 verbose stack     at Request.<anonymous> (/usr/local/lib/node_modules/npm/node_modules/request/request.js:1036:10)
20 verbose stack     at emitOne (events.js:95:20)
20 verbose stack     at Request.emit (events.js:182:7)
20 verbose stack     at IncomingMessage.<anonymous> (/usr/local/lib/node_modules/npm/node_modules/request/request.js:963:12)
21 verbose statusCode 404
22 verbose pkgid webdesdev
23 verbose cwd /Users/SamCate/work_space/webdesdev
24 error Darwin 15.6.0
25 error argv "/usr/local/Cellar/node/5.10.0/bin/node" "/usr/local/bin/npm" "bugs" "webdesdev"
26 error node v5.10.0
27 error npm  v3.8.3
28 error code E404
29 error 404 Registry returned 404 for GET on https://registry.npmjs.org/webdesdev
30 error 404
31 error 404 'webdesdev' is not in the npm registry.
32 error 404 You should bug the author to publish it (or use the name yourself!)
33 error 404 Note that you can also install from a
34 error 404 tarball, folder, http url, or git url.
35 verbose exit [ 1, true ]
